Thu Mar 26 13:58:02 CET 2026 java.lang.NullPointerException: Cannot invoke "uo.mp.lab09.newsstand.domain.Publication.serialize()" because "p" is null
	at uo.mp.lab09.newsstand.service.serializers.PublicationSerializer.serialize(PublicationSerializer.java:23)
	at uo.mp.lab09.newsstand.service.NewsstandService.exportPublicationsToZipFile(NewsstandService.java:193)
	at uo.mp.lab09.newsstand.ui.UserInterface.exportToZip(UserInterface.java:138)
	at uo.mp.lab09.newsstand.ui.UserInterface.processOption(UserInterface.java:74)
	at uo.mp.lab09.newsstand.ui.UserInterface.start(UserInterface.java:42)
	at uo.mp.lab09.Main.run(Main.java:21)
	at uo.mp.lab09.Main.main(Main.java:11)
Mon Mar 30 20:08:33 CEST 2026 Wrong number of fields for a newspaper
Mon Mar 30 20:08:33 CEST 2026 Unknown type
Mon Mar 30 20:08:33 CEST 2026 java.lang.NumberFormatException: For input string: "xxyz"
Mon Mar 30 20:08:33 CEST 2026 Unknown type
Mon Mar 30 20:11:14 CEST 2026 Wrong number of fields for a newspaper
Mon Mar 30 20:11:14 CEST 2026 Unknown type
Mon Mar 30 20:11:14 CEST 2026 java.lang.NumberFormatException: For input string: "xxyz"
Mon Mar 30 20:11:14 CEST 2026 Unknown type
Thu Apr 02 21:40:27 CEST 2026 Wrong number of fields for a newspaper
Thu Apr 02 21:40:27 CEST 2026 Unknown type
Thu Apr 02 21:40:27 CEST 2026 java.lang.NumberFormatException: For input string: "xxyz"
Thu Apr 02 21:40:27 CEST 2026 Unknown type
Thu Apr 02 21:42:55 CEST 2026 Wrong number of fields for a newspaper
Thu Apr 02 21:42:55 CEST 2026 Unknown type
Thu Apr 02 21:42:55 CEST 2026 java.lang.NumberFormatException: For input string: "xxyz"
Thu Apr 02 21:42:55 CEST 2026 Unknown type
Thu Apr 02 21:46:52 CEST 2026 Wrong number of fields for a newspaper
Thu Apr 02 21:46:52 CEST 2026 Unknown type
Thu Apr 02 21:46:52 CEST 2026 java.lang.NumberFormatException: For input string: "xxyz"
Thu Apr 02 21:46:52 CEST 2026 Unknown type
Thu Apr 02 21:56:56 CEST 2026 Wrong number of fields for a newspaper
Thu Apr 02 21:56:56 CEST 2026 Unknown type
Thu Apr 02 21:56:56 CEST 2026 java.lang.NumberFormatException: For input string: "xxyz"
Thu Apr 02 21:56:56 CEST 2026 Unknown type
Thu Apr 02 21:59:00 CEST 2026 Wrong number of fields for a newspaper
Thu Apr 02 21:59:00 CEST 2026 Unknown type
Thu Apr 02 21:59:00 CEST 2026 java.lang.NumberFormatException: For input string: "xxyz"
Thu Apr 02 21:59:00 CEST 2026 Unknown type
